12:20:52.280 INFO  [main][BookstoreApplication.logStarting\(StartupInfoLogger.java:51\12:20:52.282 INFO  [main][BookstoreApplication.logStartupProfileInfo\(SpringApplication.java:632\12:20:52.633 INFO  [main][RepositoryConfigurationDelegate.registerRepositoriesIn\(RepositoryConfigurationDelegate.java:138\12:20:52.670 INFO  [main][RepositoryConfigurationDelegate.registerRepositoriesIn\(RepositoryConfigurationDelegate.java:208\12:20:52.974 INFO  [main][TomcatWebServer.initialize\(TomcatWebServer.java:108\12:20:52.981 INFO  [main][Http11NioProtocol.log\(DirectJDKLog.java:173\12:20:52.983 INFO  [main][StandardService.log\(DirectJDKLog.java:173\12:20:52.983 INFO  [main][StandardEngine.log\(DirectJDKLog.java:173\12:20:53.048 INFO  [main][[/].log\(DirectJDKLog.java:173\12:20:53.048 INFO  [main][ServletWebServerApplicationContext.prepareWebApplicationContext\(ServletWebServerApplicationContext.java:291\12:20:53.127 INFO  [main][HikariDataSource.getConnection\(HikariDataSource.java:110\12:20:53.222 INFO  [main][HikariPool.checkFailFast\(HikariPool.java:565\12:20:53.223 INFO  [main][HikariDataSource.getConnection\(HikariDataSource.java:123\12:20:53.250 INFO  [main][LogHelper.logPersistenceUnitInformation\(LogHelper.java:31\12:20:53.282 INFO  [main][Version.logVersion\(Version.java:44\12:20:53.511 INFO  [main][SQL dialect.logSelectedDialect\(DialectFactoryImpl.java:66\12:20:53.651 INFO  [main][TypeSafeActivator.getValidatorFactory\(TypeSafeActivator.java:482\jakarta.validation.NoProviderFoundException: Unable to create a Configuration, because no Jakarta Bean Validation provider could be found. Add a provider like Hibernate Validator (RI) to your classpath.
	at jakarta.validation.Validation$GenericBootstrapImpl.configure(Validation.java:291)
	at jakarta.validation.Validation.buildDefaultValidatorFactory(Validation.java:103)
	at org.hibernate.cfg.beanvalidation.TypeSafeActivator.getValidatorFactory(TypeSafeActivator.java:479)
	at org.hibernate.cfg.beanvalidation.TypeSafeActivator.activate(TypeSafeActivator.java:82)
	at java.base/jdk.internal.reflect.NativeMethodAccessorImpl.invoke0(Native Method)
	at java.base/jdk.internal.reflect.NativeMethodAccessorImpl.invoke(NativeMethodAccessorImpl.java:77)
	at java.base/jdk.internal.reflect.DelegatingMethodAccessorImpl.invoke(DelegatingMethodAccessorImpl.java:43)
	at java.base/java.lang.reflect.Method.invoke(Method.java:568)
	at org.hibernate.cfg.beanvalidation.BeanValidationIntegrator.integrate(BeanValidationIntegrator.java:137)
	at org.hibernate.internal.SessionFactoryImpl.<init>(SessionFactoryImpl.java:287)
	at org.hibernate.boot.internal.SessionFactoryBuilderImpl.build(SessionFactoryBuilderImpl.java:415)
	at org.hibernate.jpa.boot.internal.EntityManagerFactoryBuilderImpl.build(EntityManagerFactoryBuilderImpl.java:1423)
	at org.springframework.orm.jpa.vendor.SpringHibernateJpaPersistenceProvider.createContainerEntityManagerFactory(SpringHibernateJpaPersistenceProvider.java:66)
	at org.springframework.orm.jpa.LocalContainerEntityManagerFactoryBean.createNativeEntityManagerFactory(LocalContainerEntityManagerFactoryBean.java:376)
	at org.springframework.orm.jpa.AbstractEntityManagerFactoryBean.buildNativeEntityManagerFactory(AbstractEntityManagerFactoryBean.java:409)
	at org.springframework.orm.jpa.AbstractEntityManagerFactoryBean.afterPropertiesSet(AbstractEntityManagerFactoryBean.java:396)
	at org.springframework.orm.jpa.LocalContainerEntityManagerFactoryBean.afterPropertiesSet(LocalContainerEntityManagerFactoryBean.java:352)
	at org.springframework.beans.factory.support.AbstractAutowireCapableBeanFactory.invokeInitMethods(AbstractAutowireCapableBeanFactory.java:1816)
	at org.springframework.beans.factory.support.AbstractAutowireCapableBeanFactory.initializeBean(AbstractAutowireCapableBeanFactory.java:1766)
	at org.springframework.beans.factory.support.AbstractAutowireCapableBeanFactory.doCreateBean(AbstractAutowireCapableBeanFactory.java:598)
	at org.springframework.beans.factory.support.AbstractAutowireCapableBeanFactory.createBean(AbstractAutowireCapableBeanFactory.java:520)
	at org.springframework.beans.factory.support.AbstractBeanFactory.lambda$doGetBean$0(AbstractBeanFactory.java:326)
	at org.springframework.beans.factory.support.DefaultSingletonBeanRegistry.getSingleton(DefaultSingletonBeanRegistry.java:234)
	at org.springframework.beans.factory.support.AbstractBeanFactory.doGetBean(AbstractBeanFactory.java:324)
	at org.springframework.beans.factory.support.AbstractBeanFactory.getBean(AbstractBeanFactory.java:200)
	at org.springframework.context.support.AbstractApplicationContext.getBean(AbstractApplicationContext.java:1132)
	at org.springframework.context.support.AbstractApplicationContext.finishBeanFactoryInitialization(AbstractApplicationContext.java:907)
	at org.springframework.context.support.AbstractApplicationContext.refresh(AbstractApplicationContext.java:584)
	at org.springframework.boot.web.servlet.context.ServletWebServerApplicationContext.refresh(ServletWebServerApplicationContext.java:146)
	at org.springframework.boot.SpringApplication.refresh(SpringApplication.java:732)
	at org.springframework.boot.SpringApplication.refreshContext(SpringApplication.java:434)
	at org.springframework.boot.SpringApplication.run(SpringApplication.java:310)
	at org.springframework.boot.SpringApplication.run(SpringApplication.java:1304)
	at org.springframework.boot.SpringApplication.run(SpringApplication.java:1293)
	at com.example.bookstore.BookstoreApplication.main(BookstoreApplication.java:12)
12:20:53.987 INFO  [main][JtaPlatformInitiator.initiateService\(JtaPlatformInitiator.java:51\12:20:53.995 INFO  [main][LocalContainerEntityManagerFactoryBean.buildNativeEntityManagerFactory\(AbstractEntityManagerFactoryBean.java:437\12:20:54.219 WARN  [main][JpaBaseConfiguration$JpaWebConfiguration.openEntityManagerInViewInterceptor\(JpaBaseConfiguration.java:231\12:20:54.427 INFO  [main][Http11NioProtocol.log\(DirectJDKLog.java:173\12:20:54.430 WARN  [main][AnnotationConfigServletWebServerApplicationContext.refresh\(AbstractApplicationContext.java:592\12:20:54.431 INFO  [main][LocalContainerEntityManagerFactoryBean.destroy\(AbstractEntityManagerFactoryBean.java:650\12:20:54.432 INFO  [main][HikariDataSource.close\(HikariDataSource.java:350\12:20:54.436 INFO  [main][HikariDataSource.close\(HikariDataSource.java:352\12:20:54.438 INFO  [main][Http11NioProtocol.log\(DirectJDKLog.java:173\12:20:54.438 INFO  [main][StandardService.log\(DirectJDKLog.java:173\12:20:54.440 INFO  [main][Http11NioProtocol.log\(DirectJDKLog.java:173\12:20:54.441 INFO  [main][Http11NioProtocol.log\(DirectJDKLog.java:173\12:20:54.446 INFO  [main][ConditionEvaluationReportLogger.logMessage\(ConditionEvaluationReportLogger.java:82\12:20:54.457 ERROR [main][LoggingFailureAnalysisReporter.report\(LoggingFailureAnalysisReporter.java:40\12:21:11.460 INFO  [main][BookstoreApplication.logStarting\(StartupInfoLogger.java:51\12:21:11.463 INFO  [main][BookstoreApplication.logStartupProfileInfo\(SpringApplication.java:632\12:21:11.823 INFO  [main][RepositoryConfigurationDelegate.registerRepositoriesIn\(RepositoryConfigurationDelegate.java:138\12:21:11.860 INFO  [main][RepositoryConfigurationDelegate.registerRepositoriesIn\(RepositoryConfigurationDelegate.java:208\12:21:12.192 INFO  [main][TomcatWebServer.initialize\(TomcatWebServer.java:108\12:21:12.199 INFO  [main][Http11NioProtocol.log\(DirectJDKLog.java:173\12:21:12.200 INFO  [main][StandardService.log\(DirectJDKLog.java:173\12:21:12.200 INFO  [main][StandardEngine.log\(DirectJDKLog.java:173\12:21:12.280 INFO  [main][[/].log\(DirectJDKLog.java:173\12:21:12.280 INFO  [main][ServletWebServerApplicationContext.prepareWebApplicationContext\(ServletWebServerApplicationContext.java:291\12:21:12.363 INFO  [main][HikariDataSource.getConnection\(HikariDataSource.java:110\12:21:12.465 INFO  [main][HikariPool.checkFailFast\(HikariPool.java:565\12:21:12.467 INFO  [main][HikariDataSource.getConnection\(HikariDataSource.java:123\12:21:12.511 INFO  [main][LogHelper.logPersistenceUnitInformation\(LogHelper.java:31\12:21:12.574 INFO  [main][Version.logVersion\(Version.java:44\12:21:12.904 INFO  [main][SQL dialect.logSelectedDialect\(DialectFactoryImpl.java:66\12:21:13.064 INFO  [main][TypeSafeActivator.getValidatorFactory\(TypeSafeActivator.java:482\jakarta.validation.NoProviderFoundException: Unable to create a Configuration, because no Jakarta Bean Validation provider could be found. Add a provider like Hibernate Validator (RI) to your classpath.
	at jakarta.validation.Validation$GenericBootstrapImpl.configure(Validation.java:291)
	at jakarta.validation.Validation.buildDefaultValidatorFactory(Validation.java:103)
	at org.hibernate.cfg.beanvalidation.TypeSafeActivator.getValidatorFactory(TypeSafeActivator.java:479)
	at org.hibernate.cfg.beanvalidation.TypeSafeActivator.activate(TypeSafeActivator.java:82)
	at java.base/jdk.internal.reflect.NativeMethodAccessorImpl.invoke0(Native Method)
	at java.base/jdk.internal.reflect.NativeMethodAccessorImpl.invoke(NativeMethodAccessorImpl.java:77)
	at java.base/jdk.internal.reflect.DelegatingMethodAccessorImpl.invoke(DelegatingMethodAccessorImpl.java:43)
	at java.base/java.lang.reflect.Method.invoke(Method.java:568)
	at org.hibernate.cfg.beanvalidation.BeanValidationIntegrator.integrate(BeanValidationIntegrator.java:137)
	at org.hibernate.internal.SessionFactoryImpl.<init>(SessionFactoryImpl.java:287)
	at org.hibernate.boot.internal.SessionFactoryBuilderImpl.build(SessionFactoryBuilderImpl.java:415)
	at org.hibernate.jpa.boot.internal.EntityManagerFactoryBuilderImpl.build(EntityManagerFactoryBuilderImpl.java:1423)
	at org.springframework.orm.jpa.vendor.SpringHibernateJpaPersistenceProvider.createContainerEntityManagerFactory(SpringHibernateJpaPersistenceProvider.java:66)
	at org.springframework.orm.jpa.LocalContainerEntityManagerFactoryBean.createNativeEntityManagerFactory(LocalContainerEntityManagerFactoryBean.java:376)
	at org.springframework.orm.jpa.AbstractEntityManagerFactoryBean.buildNativeEntityManagerFactory(AbstractEntityManagerFactoryBean.java:409)
	at org.springframework.orm.jpa.AbstractEntityManagerFactoryBean.afterPropertiesSet(AbstractEntityManagerFactoryBean.java:396)
	at org.springframework.orm.jpa.LocalContainerEntityManagerFactoryBean.afterPropertiesSet(LocalContainerEntityManagerFactoryBean.java:352)
	at org.springframework.beans.factory.support.AbstractAutowireCapableBeanFactory.invokeInitMethods(AbstractAutowireCapableBeanFactory.java:1816)
	at org.springframework.beans.factory.support.AbstractAutowireCapableBeanFactory.initializeBean(AbstractAutowireCapableBeanFactory.java:1766)
	at org.springframework.beans.factory.support.AbstractAutowireCapableBeanFactory.doCreateBean(AbstractAutowireCapableBeanFactory.java:598)
	at org.springframework.beans.factory.support.AbstractAutowireCapableBeanFactory.createBean(AbstractAutowireCapableBeanFactory.java:520)
	at org.springframework.beans.factory.support.AbstractBeanFactory.lambda$doGetBean$0(AbstractBeanFactory.java:326)
	at org.springframework.beans.factory.support.DefaultSingletonBeanRegistry.getSingleton(DefaultSingletonBeanRegistry.java:234)
	at org.springframework.beans.factory.support.AbstractBeanFactory.doGetBean(AbstractBeanFactory.java:324)
	at org.springframework.beans.factory.support.AbstractBeanFactory.getBean(AbstractBeanFactory.java:200)
	at org.springframework.context.support.AbstractApplicationContext.getBean(AbstractApplicationContext.java:1132)
	at org.springframework.context.support.AbstractApplicationContext.finishBeanFactoryInitialization(AbstractApplicationContext.java:907)
	at org.springframework.context.support.AbstractApplicationContext.refresh(AbstractApplicationContext.java:584)
	at org.springframework.boot.web.servlet.context.ServletWebServerApplicationContext.refresh(ServletWebServerApplicationContext.java:146)
	at org.springframework.boot.SpringApplication.refresh(SpringApplication.java:732)
	at org.springframework.boot.SpringApplication.refreshContext(SpringApplication.java:434)
	at org.springframework.boot.SpringApplication.run(SpringApplication.java:310)
	at org.springframework.boot.SpringApplication.run(SpringApplication.java:1304)
	at org.springframework.boot.SpringApplication.run(SpringApplication.java:1293)
	at com.example.bookstore.BookstoreApplication.main(BookstoreApplication.java:12)
12:21:13.405 INFO  [main][JtaPlatformInitiator.initiateService\(JtaPlatformInitiator.java:51\12:21:13.412 INFO  [main][LocalContainerEntityManagerFactoryBean.buildNativeEntityManagerFactory\(AbstractEntityManagerFactoryBean.java:437\12:21:13.640 WARN  [main][JpaBaseConfiguration$JpaWebConfiguration.openEntityManagerInViewInterceptor\(JpaBaseConfiguration.java:231\12:21:13.845 INFO  [main][Http11NioProtocol.log\(DirectJDKLog.java:173\12:21:13.848 WARN  [main][AnnotationConfigServletWebServerApplicationContext.refresh\(AbstractApplicationContext.java:592\12:21:13.849 INFO  [main][LocalContainerEntityManagerFactoryBean.destroy\(AbstractEntityManagerFactoryBean.java:650\12:21:13.850 INFO  [main][HikariDataSource.close\(HikariDataSource.java:350\12:21:13.855 INFO  [main][HikariDataSource.close\(HikariDataSource.java:352\12:21:13.856 INFO  [main][Http11NioProtocol.log\(DirectJDKLog.java:173\12:21:13.856 INFO  [main][StandardService.log\(DirectJDKLog.java:173\12:21:13.859 INFO  [main][Http11NioProtocol.log\(DirectJDKLog.java:173\12:21:13.859 INFO  [main][Http11NioProtocol.log\(DirectJDKLog.java:173\12:21:13.865 INFO  [main][ConditionEvaluationReportLogger.logMessage\(ConditionEvaluationReportLogger.java:82\12:21:13.876 ERROR [main][LoggingFailureAnalysisReporter.report\(LoggingFailureAnalysisReporter.java:40\12:24:57.728 INFO  [main][BookstoreApplication.logStarting\(StartupInfoLogger.java:51\12:24:57.730 INFO  [main][BookstoreApplication.logStartupProfileInfo\(SpringApplication.java:632\12:24:58.090 INFO  [main][RepositoryConfigurationDelegate.registerRepositoriesIn\(RepositoryConfigurationDelegate.java:138\12:24:58.127 INFO  [main][RepositoryConfigurationDelegate.registerRepositoriesIn\(RepositoryConfigurationDelegate.java:208\12:24:58.447 INFO  [main][TomcatWebServer.initialize\(TomcatWebServer.java:108\12:24:58.454 INFO  [main][Http11NioProtocol.log\(DirectJDKLog.java:173\12:24:58.455 INFO  [main][StandardService.log\(DirectJDKLog.java:173\12:24:58.455 INFO  [main][StandardEngine.log\(DirectJDKLog.java:173\12:24:58.525 INFO  [main][[/].log\(DirectJDKLog.java:173\12:24:58.525 INFO  [main][ServletWebServerApplicationContext.prepareWebApplicationContext\(ServletWebServerApplicationContext.java:291\12:24:58.606 INFO  [main][HikariDataSource.getConnection\(HikariDataSource.java:110\12:24:58.703 INFO  [main][HikariPool.checkFailFast\(HikariPool.java:565\12:24:58.705 INFO  [main][HikariDataSource.getConnection\(HikariDataSource.java:123\12:24:58.732 INFO  [main][LogHelper.logPersistenceUnitInformation\(LogHelper.java:31\12:24:58.765 INFO  [main][Version.logVersion\(Version.java:44\12:24:59.001 INFO  [main][SQL dialect.logSelectedDialect\(DialectFactoryImpl.java:66\12:24:59.149 INFO  [main][TypeSafeActivator.getValidatorFactory\(TypeSafeActivator.java:482\jakarta.validation.NoProviderFoundException: Unable to create a Configuration, because no Jakarta Bean Validation provider could be found. Add a provider like Hibernate Validator (RI) to your classpath.
	at jakarta.validation.Validation$GenericBootstrapImpl.configure(Validation.java:291)
	at jakarta.validation.Validation.buildDefaultValidatorFactory(Validation.java:103)
	at org.hibernate.cfg.beanvalidation.TypeSafeActivator.getValidatorFactory(TypeSafeActivator.java:479)
	at org.hibernate.cfg.beanvalidation.TypeSafeActivator.activate(TypeSafeActivator.java:82)
	at java.base/jdk.internal.reflect.NativeMethodAccessorImpl.invoke0(Native Method)
	at java.base/jdk.internal.reflect.NativeMethodAccessorImpl.invoke(NativeMethodAccessorImpl.java:77)
	at java.base/jdk.internal.reflect.DelegatingMethodAccessorImpl.invoke(DelegatingMethodAccessorImpl.java:43)
	at java.base/java.lang.reflect.Method.invoke(Method.java:568)
	at org.hibernate.cfg.beanvalidation.BeanValidationIntegrator.integrate(BeanValidationIntegrator.java:137)
	at org.hibernate.internal.SessionFactoryImpl.<init>(SessionFactoryImpl.java:287)
	at org.hibernate.boot.internal.SessionFactoryBuilderImpl.build(SessionFactoryBuilderImpl.java:415)
	at org.hibernate.jpa.boot.internal.EntityManagerFactoryBuilderImpl.build(EntityManagerFactoryBuilderImpl.java:1423)
	at org.springframework.orm.jpa.vendor.SpringHibernateJpaPersistenceProvider.createContainerEntityManagerFactory(SpringHibernateJpaPersistenceProvider.java:66)
	at org.springframework.orm.jpa.LocalContainerEntityManagerFactoryBean.createNativeEntityManagerFactory(LocalContainerEntityManagerFactoryBean.java:376)
	at org.springframework.orm.jpa.AbstractEntityManagerFactoryBean.buildNativeEntityManagerFactory(AbstractEntityManagerFactoryBean.java:409)
	at org.springframework.orm.jpa.AbstractEntityManagerFactoryBean.afterPropertiesSet(AbstractEntityManagerFactoryBean.java:396)
	at org.springframework.orm.jpa.LocalContainerEntityManagerFactoryBean.afterPropertiesSet(LocalContainerEntityManagerFactoryBean.java:352)
	at org.springframework.beans.factory.support.AbstractAutowireCapableBeanFactory.invokeInitMethods(AbstractAutowireCapableBeanFactory.java:1816)
	at org.springframework.beans.factory.support.AbstractAutowireCapableBeanFactory.initializeBean(AbstractAutowireCapableBeanFactory.java:1766)
	at org.springframework.beans.factory.support.AbstractAutowireCapableBeanFactory.doCreateBean(AbstractAutowireCapableBeanFactory.java:598)
	at org.springframework.beans.factory.support.AbstractAutowireCapableBeanFactory.createBean(AbstractAutowireCapableBeanFactory.java:520)
	at org.springframework.beans.factory.support.AbstractBeanFactory.lambda$doGetBean$0(AbstractBeanFactory.java:326)
	at org.springframework.beans.factory.support.DefaultSingletonBeanRegistry.getSingleton(DefaultSingletonBeanRegistry.java:234)
	at org.springframework.beans.factory.support.AbstractBeanFactory.doGetBean(AbstractBeanFactory.java:324)
	at org.springframework.beans.factory.support.AbstractBeanFactory.getBean(AbstractBeanFactory.java:200)
	at org.springframework.context.support.AbstractApplicationContext.getBean(AbstractApplicationContext.java:1132)
	at org.springframework.context.support.AbstractApplicationContext.finishBeanFactoryInitialization(AbstractApplicationContext.java:907)
	at org.springframework.context.support.AbstractApplicationContext.refresh(AbstractApplicationContext.java:584)
	at org.springframework.boot.web.servlet.context.ServletWebServerApplicationContext.refresh(ServletWebServerApplicationContext.java:146)
	at org.springframework.boot.SpringApplication.refresh(SpringApplication.java:732)
	at org.springframework.boot.SpringApplication.refreshContext(SpringApplication.java:434)
	at org.springframework.boot.SpringApplication.run(SpringApplication.java:310)
	at org.springframework.boot.SpringApplication.run(SpringApplication.java:1304)
	at org.springframework.boot.SpringApplication.run(SpringApplication.java:1293)
	at com.example.bookstore.BookstoreApplication.main(BookstoreApplication.java:12)
12:24:59.486 INFO  [main][JtaPlatformInitiator.initiateService\(JtaPlatformInitiator.java:51\12:24:59.493 INFO  [main][LocalContainerEntityManagerFactoryBean.buildNativeEntityManagerFactory\(AbstractEntityManagerFactoryBean.java:437\12:24:59.715 WARN  [main][JpaBaseConfiguration$JpaWebConfiguration.openEntityManagerInViewInterceptor\(JpaBaseConfiguration.java:231\12:24:59.930 INFO  [main][Http11NioProtocol.log\(DirectJDKLog.java:173\12:24:59.933 WARN  [main][AnnotationConfigServletWebServerApplicationContext.refresh\(AbstractApplicationContext.java:592\12:24:59.935 INFO  [main][LocalContainerEntityManagerFactoryBean.destroy\(AbstractEntityManagerFactoryBean.java:650\12:24:59.936 INFO  [main][HikariDataSource.close\(HikariDataSource.java:350\12:24:59.941 INFO  [main][HikariDataSource.close\(HikariDataSource.java:352\12:24:59.942 INFO  [main][Http11NioProtocol.log\(DirectJDKLog.java:173\12:24:59.942 INFO  [main][StandardService.log\(DirectJDKLog.java:173\12:24:59.947 INFO  [main][Http11NioProtocol.log\(DirectJDKLog.java:173\12:24:59.947 INFO  [main][Http11NioProtocol.log\(DirectJDKLog.java:173\12:24:59.953 INFO  [main][ConditionEvaluationReportLogger.logMessage\(ConditionEvaluationReportLogger.java:82\12:24:59.964 ERROR [main][LoggingFailureAnalysisReporter.report\(LoggingFailureAnalysisReporter.java:40\14:57:08.866 INFO  [main][BookstoreApplication.logStarting\(StartupInfoLogger.java:51\14:57:08.868 INFO  [main][BookstoreApplication.logStartupProfileInfo\(SpringApplication.java:632\14:57:09.271 INFO  [main][RepositoryConfigurationDelegate.registerRepositoriesIn\(RepositoryConfigurationDelegate.java:138\14:57:09.310 INFO  [main][RepositoryConfigurationDelegate.registerRepositoriesIn\(RepositoryConfigurationDelegate.java:208\14:57:09.614 INFO  [main][TomcatWebServer.initialize\(TomcatWebServer.java:108\14:57:09.621 INFO  [main][Http11NioProtocol.log\(DirectJDKLog.java:173\14:57:09.622 INFO  [main][StandardService.log\(DirectJDKLog.java:173\14:57:09.622 INFO  [main][StandardEngine.log\(DirectJDKLog.java:173\14:57:09.699 INFO  [main][[/].log\(DirectJDKLog.java:173\14:57:09.700 INFO  [main][ServletWebServerApplicationContext.prepareWebApplicationContext\(ServletWebServerApplicationContext.java:291\14:57:09.780 INFO  [main][HikariDataSource.getConnection\(HikariDataSource.java:110\14:57:09.877 INFO  [main][HikariPool.checkFailFast\(HikariPool.java:565\14:57:09.878 INFO  [main][HikariDataSource.getConnection\(HikariDataSource.java:123\14:57:09.904 INFO  [main][LogHelper.logPersistenceUnitInformation\(LogHelper.java:31\14:57:09.938 INFO  [main][Version.logVersion\(Version.java:44\14:57:10.171 INFO  [main][SQL dialect.logSelectedDialect\(DialectFactoryImpl.java:66\14:57:10.330 INFO  [main][TypeSafeActivator.getValidatorFactory\(TypeSafeActivator.java:482\jakarta.validation.NoProviderFoundException: Unable to create a Configuration, because no Jakarta Bean Validation provider could be found. Add a provider like Hibernate Validator (RI) to your classpath.
	at jakarta.validation.Validation$GenericBootstrapImpl.configure(Validation.java:291)
	at jakarta.validation.Validation.buildDefaultValidatorFactory(Validation.java:103)
	at org.hibernate.cfg.beanvalidation.TypeSafeActivator.getValidatorFactory(TypeSafeActivator.java:479)
	at org.hibernate.cfg.beanvalidation.TypeSafeActivator.activate(TypeSafeActivator.java:82)
	at java.base/jdk.internal.reflect.NativeMethodAccessorImpl.invoke0(Native Method)
	at java.base/jdk.internal.reflect.NativeMethodAccessorImpl.invoke(NativeMethodAccessorImpl.java:77)
	at java.base/jdk.internal.reflect.DelegatingMethodAccessorImpl.invoke(DelegatingMethodAccessorImpl.java:43)
	at java.base/java.lang.reflect.Method.invoke(Method.java:568)
	at org.hibernate.cfg.beanvalidation.BeanValidationIntegrator.integrate(BeanValidationIntegrator.java:137)
	at org.hibernate.internal.SessionFactoryImpl.<init>(SessionFactoryImpl.java:287)
	at org.hibernate.boot.internal.SessionFactoryBuilderImpl.build(SessionFactoryBuilderImpl.java:415)
	at org.hibernate.jpa.boot.internal.EntityManagerFactoryBuilderImpl.build(EntityManagerFactoryBuilderImpl.java:1423)
	at org.springframework.orm.jpa.vendor.SpringHibernateJpaPersistenceProvider.createContainerEntityManagerFactory(SpringHibernateJpaPersistenceProvider.java:66)
	at org.springframework.orm.jpa.LocalContainerEntityManagerFactoryBean.createNativeEntityManagerFactory(LocalContainerEntityManagerFactoryBean.java:376)
	at org.springframework.orm.jpa.AbstractEntityManagerFactoryBean.buildNativeEntityManagerFactory(AbstractEntityManagerFactoryBean.java:409)
	at org.springframework.orm.jpa.AbstractEntityManagerFactoryBean.afterPropertiesSet(AbstractEntityManagerFactoryBean.java:396)
	at org.springframework.orm.jpa.LocalContainerEntityManagerFactoryBean.afterPropertiesSet(LocalContainerEntityManagerFactoryBean.java:352)
	at org.springframework.beans.factory.support.AbstractAutowireCapableBeanFactory.invokeInitMethods(AbstractAutowireCapableBeanFactory.java:1816)
	at org.springframework.beans.factory.support.AbstractAutowireCapableBeanFactory.initializeBean(AbstractAutowireCapableBeanFactory.java:1766)
	at org.springframework.beans.factory.support.AbstractAutowireCapableBeanFactory.doCreateBean(AbstractAutowireCapableBeanFactory.java:598)
	at org.springframework.beans.factory.support.AbstractAutowireCapableBeanFactory.createBean(AbstractAutowireCapableBeanFactory.java:520)
	at org.springframework.beans.factory.support.AbstractBeanFactory.lambda$doGetBean$0(AbstractBeanFactory.java:326)
	at org.springframework.beans.factory.support.DefaultSingletonBeanRegistry.getSingleton(DefaultSingletonBeanRegistry.java:234)
	at org.springframework.beans.factory.support.AbstractBeanFactory.doGetBean(AbstractBeanFactory.java:324)
	at org.springframework.beans.factory.support.AbstractBeanFactory.getBean(AbstractBeanFactory.java:200)
	at org.springframework.context.support.AbstractApplicationContext.getBean(AbstractApplicationContext.java:1132)
	at org.springframework.context.support.AbstractApplicationContext.finishBeanFactoryInitialization(AbstractApplicationContext.java:907)
	at org.springframework.context.support.AbstractApplicationContext.refresh(AbstractApplicationContext.java:584)
	at org.springframework.boot.web.servlet.context.ServletWebServerApplicationContext.refresh(ServletWebServerApplicationContext.java:146)
	at org.springframework.boot.SpringApplication.refresh(SpringApplication.java:732)
	at org.springframework.boot.SpringApplication.refreshContext(SpringApplication.java:434)
	at org.springframework.boot.SpringApplication.run(SpringApplication.java:310)
	at org.springframework.boot.SpringApplication.run(SpringApplication.java:1304)
	at org.springframework.boot.SpringApplication.run(SpringApplication.java:1293)
	at com.example.bookstore.BookstoreApplication.main(BookstoreApplication.java:12)
14:57:10.668 INFO  [main][JtaPlatformInitiator.initiateService\(JtaPlatformInitiator.java:51\14:57:10.677 INFO  [main][LocalContainerEntityManagerFactoryBean.buildNativeEntityManagerFactory\(AbstractEntityManagerFactoryBean.java:437\14:57:10.904 WARN  [main][JpaBaseConfiguration$JpaWebConfiguration.openEntityManagerInViewInterceptor\(JpaBaseConfiguration.java:231\14:57:11.127 INFO  [main][Http11NioProtocol.log\(DirectJDKLog.java:173\14:57:11.130 WARN  [main][AnnotationConfigServletWebServerApplicationContext.refresh\(AbstractApplicationContext.java:592\14:57:11.131 INFO  [main][LocalContainerEntityManagerFactoryBean.destroy\(AbstractEntityManagerFactoryBean.java:650\14:57:11.133 INFO  [main][HikariDataSource.close\(HikariDataSource.java:350\14:57:11.137 INFO  [main][HikariDataSource.close\(HikariDataSource.java:352\14:57:11.139 INFO  [main][Http11NioProtocol.log\(DirectJDKLog.java:173\14:57:11.139 INFO  [main][StandardService.log\(DirectJDKLog.java:173\14:57:11.142 INFO  [main][Http11NioProtocol.log\(DirectJDKLog.java:173\14:57:11.142 INFO  [main][Http11NioProtocol.log\(DirectJDKLog.java:173\14:57:11.148 INFO  [main][ConditionEvaluationReportLogger.logMessage\(ConditionEvaluationReportLogger.java:82\14:57:11.159 ERROR [main][LoggingFailureAnalysisReporter.report\(LoggingFailureAnalysisReporter.java:40\14:57:29.307 INFO  [main][BookstoreApplication.logStarting\(StartupInfoLogger.java:51\14:57:29.309 INFO  [main][BookstoreApplication.logStartupProfileInfo\(SpringApplication.java:632\14:57:29.665 INFO  [main][RepositoryConfigurationDelegate.registerRepositoriesIn\(RepositoryConfigurationDelegate.java:138\14:57:29.702 INFO  [main][RepositoryConfigurationDelegate.registerRepositoriesIn\(RepositoryConfigurationDelegate.java:208\14:57:30.004 INFO  [main][TomcatWebServer.initialize\(TomcatWebServer.java:108\14:57:30.011 INFO  [main][Http11NioProtocol.log\(DirectJDKLog.java:173\14:57:30.011 INFO  [main][StandardService.log\(DirectJDKLog.java:173\14:57:30.012 INFO  [main][StandardEngine.log\(DirectJDKLog.java:173\14:57:30.075 INFO  [main][[/].log\(DirectJDKLog.java:173\14:57:30.075 INFO  [main][ServletWebServerApplicationContext.prepareWebApplicationContext\(ServletWebServerApplicationContext.java:291\14:57:30.160 INFO  [main][HikariDataSource.getConnection\(HikariDataSource.java:110\14:57:30.259 INFO  [main][HikariPool.checkFailFast\(HikariPool.java:565\14:57:30.261 INFO  [main][HikariDataSource.getConnection\(HikariDataSource.java:123\14:57:30.287 INFO  [main][LogHelper.logPersistenceUnitInformation\(LogHelper.java:31\14:57:30.319 INFO  [main][Version.logVersion\(Version.java:44\14:57:30.546 INFO  [main][SQL dialect.logSelectedDialect\(DialectFactoryImpl.java:66\14:57:30.999 INFO  [main][JtaPlatformInitiator.initiateService\(JtaPlatformInitiator.java:51\14:57:31.006 INFO  [main][LocalContainerEntityManagerFactoryBean.buildNativeEntityManagerFactory\(AbstractEntityManagerFactoryBean.java:437\14:57:31.223 WARN  [main][JpaBaseConfiguration$JpaWebConfiguration.openEntityManagerInViewInterceptor\(JpaBaseConfiguration.java:231\14:57:31.417 INFO  [main][Http11NioProtocol.log\(DirectJDKLog.java:173\14:57:31.420 WARN  [main][AnnotationConfigServletWebServerApplicationContext.refresh\(AbstractApplicationContext.java:592\14:57:31.420 INFO  [main][LocalContainerEntityManagerFactoryBean.destroy\(AbstractEntityManagerFactoryBean.java:650\14:57:31.421 INFO  [main][HikariDataSource.close\(HikariDataSource.java:350\14:57:31.426 INFO  [main][HikariDataSource.close\(HikariDataSource.java:352\14:57:31.427 INFO  [main][Http11NioProtocol.log\(DirectJDKLog.java:173\14:57:31.427 INFO  [main][StandardService.log\(DirectJDKLog.java:173\14:57:31.430 INFO  [main][Http11NioProtocol.log\(DirectJDKLog.java:173\14:57:31.430 INFO  [main][Http11NioProtocol.log\(DirectJDKLog.java:173\14:57:31.435 INFO  [main][ConditionEvaluationReportLogger.logMessage\(ConditionEvaluationReportLogger.java:82\14:57:31.446 ERROR [main][LoggingFailureAnalysisReporter.report\(LoggingFailureAnalysisReporter.java:40\14:57:41.517 INFO  [main][BookstoreApplication.logStarting\(StartupInfoLogger.java:51\14:57:41.519 INFO  [main][BookstoreApplication.logStartupProfileInfo\(SpringApplication.java:632\14:57:41.873 INFO  [main][RepositoryConfigurationDelegate.registerRepositoriesIn\(RepositoryConfigurationDelegate.java:138\14:57:41.909 INFO  [main][RepositoryConfigurationDelegate.registerRepositoriesIn\(RepositoryConfigurationDelegate.java:208\14:57:42.219 INFO  [main][TomcatWebServer.initialize\(TomcatWebServer.java:108\14:57:42.225 INFO  [main][Http11NioProtocol.log\(DirectJDKLog.java:173\14:57:42.226 INFO  [main][StandardService.log\(DirectJDKLog.java:173\14:57:42.226 INFO  [main][StandardEngine.log\(DirectJDKLog.java:173\14:57:42.286 INFO  [main][[/].log\(DirectJDKLog.java:173\14:57:42.286 INFO  [main][ServletWebServerApplicationContext.prepareWebApplicationContext\(ServletWebServerApplicationContext.java:291\14:57:42.366 INFO  [main][HikariDataSource.getConnection\(HikariDataSource.java:110\14:57:42.461 INFO  [main][HikariPool.checkFailFast\(HikariPool.java:565\14:57:42.462 INFO  [main][HikariDataSource.getConnection\(HikariDataSource.java:123\14:57:42.489 INFO  [main][LogHelper.logPersistenceUnitInformation\(LogHelper.java:31\14:57:42.521 INFO  [main][Version.logVersion\(Version.java:44\14:57:42.745 INFO  [main][SQL dialect.logSelectedDialect\(DialectFactoryImpl.java:66\14:57:43.197 INFO  [main][JtaPlatformInitiator.initiateService\(JtaPlatformInitiator.java:51\14:57:43.204 INFO  [main][LocalContainerEntityManagerFactoryBean.buildNativeEntityManagerFactory\(AbstractEntityManagerFactoryBean.java:437\14:57:43.415 WARN  [main][JpaBaseConfiguration$JpaWebConfiguration.openEntityManagerInViewInterceptor\(JpaBaseConfiguration.java:231\14:57:43.614 INFO  [main][Http11NioProtocol.log\(DirectJDKLog.java:173\14:57:43.617 WARN  [main][AnnotationConfigServletWebServerApplicationContext.refresh\(AbstractApplicationContext.java:592\14:57:43.618 INFO  [main][LocalContainerEntityManagerFactoryBean.destroy\(AbstractEntityManagerFactoryBean.java:650\14:57:43.619 INFO  [main][HikariDataSource.close\(HikariDataSource.java:350\14:57:43.624 INFO  [main][HikariDataSource.close\(HikariDataSource.java:352\14:57:43.625 INFO  [main][Http11NioProtocol.log\(DirectJDKLog.java:173\14:57:43.625 INFO  [main][StandardService.log\(DirectJDKLog.java:173\14:57:43.628 INFO  [main][Http11NioProtocol.log\(DirectJDKLog.java:173\14:57:43.628 INFO  [main][Http11NioProtocol.log\(DirectJDKLog.java:173\14:57:43.634 INFO  [main][ConditionEvaluationReportLogger.logMessage\(ConditionEvaluationReportLogger.java:82\14:57:43.645 ERROR [main][LoggingFailureAnalysisReporter.report\(LoggingFailureAnalysisReporter.java:40\15:00:15.414 INFO  [main][BookstoreApplication.logStarting\(StartupInfoLogger.java:51\15:00:15.416 INFO  [main][BookstoreApplication.logStartupProfileInfo\(SpringApplication.java:632\15:00:15.766 INFO  [main][RepositoryConfigurationDelegate.registerRepositoriesIn\(RepositoryConfigurationDelegate.java:138\15:00:15.803 INFO  [main][RepositoryConfigurationDelegate.registerRepositoriesIn\(RepositoryConfigurationDelegate.java:208\15:00:16.105 INFO  [main][TomcatWebServer.initialize\(TomcatWebServer.java:108\15:00:16.112 INFO  [main][Http11NioProtocol.log\(DirectJDKLog.java:173\15:00:16.112 INFO  [main][StandardService.log\(DirectJDKLog.java:173\15:00:16.112 INFO  [main][StandardEngine.log\(DirectJDKLog.java:173\15:00:16.174 INFO  [main][[/].log\(DirectJDKLog.java:173\15:00:16.175 INFO  [main][ServletWebServerApplicationContext.prepareWebApplicationContext\(ServletWebServerApplicationContext.java:291\15:00:16.261 INFO  [main][HikariDataSource.getConnection\(HikariDataSource.java:110\15:00:16.360 INFO  [main][HikariPool.checkFailFast\(HikariPool.java:565\15:00:16.361 INFO  [main][HikariDataSource.getConnection\(HikariDataSource.java:123\15:00:16.388 INFO  [main][LogHelper.logPersistenceUnitInformation\(LogHelper.java:31\15:00:16.421 INFO  [main][Version.logVersion\(Version.java:44\15:00:16.654 INFO  [main][SQL dialect.logSelectedDialect\(DialectFactoryImpl.java:66\15:00:17.113 INFO  [main][JtaPlatformInitiator.initiateService\(JtaPlatformInitiator.java:51\15:00:17.121 INFO  [main][LocalContainerEntityManagerFactoryBean.buildNativeEntityManagerFactory\(AbstractEntityManagerFactoryBean.java:437\15:00:17.341 WARN  [main][JpaBaseConfiguration$JpaWebConfiguration.openEntityManagerInViewInterceptor\(JpaBaseConfiguration.java:231\15:00:17.534 INFO  [main][Http11NioProtocol.log\(DirectJDKLog.java:173\15:00:17.537 WARN  [main][AnnotationConfigServletWebServerApplicationContext.refresh\(AbstractApplicationContext.java:592\15:00:17.538 INFO  [main][LocalContainerEntityManagerFactoryBean.destroy\(AbstractEntityManagerFactoryBean.java:650\15:00:17.539 INFO  [main][HikariDataSource.close\(HikariDataSource.java:350\15:00:17.544 INFO  [main][HikariDataSource.close\(HikariDataSource.java:352\15:00:17.545 INFO  [main][Http11NioProtocol.log\(DirectJDKLog.java:173\15:00:17.546 INFO  [main][StandardService.log\(DirectJDKLog.java:173\15:00:17.548 INFO  [main][Http11NioProtocol.log\(DirectJDKLog.java:173\15:00:17.549 INFO  [main][Http11NioProtocol.log\(DirectJDKLog.java:173\15:00:17.555 INFO  [main][ConditionEvaluationReportLogger.logMessage\(ConditionEvaluationReportLogger.java:82\15:00:17.567 ERROR [main][LoggingFailureAnalysisReporter.report\(LoggingFailureAnalysisReporter.java:40\